(0000) 2000  0010000000000000 (   1)                 .ORIG x2000
(2000) 1DBF  0001110110111111 (   2)                 ADD   R6 R6 #-1
(2001) 7180  0111000110000000 (   3)                 STR   R0 R6 #0
(2002) 1DBF  0001110110111111 (   4)                 ADD   R6 R6 #-1
(2003) 7380  0111001110000000 (   5)                 STR   R1 R6 #0
(2004) 1DBF  0001110110111111 (   6)                 ADD   R6 R6 #-1
(2005) 7580  0111010110000000 (   7)                 STR   R2 R6 #0
(2006) 1DBF  0001110110111111 (   8)                 ADD   R6 R6 #-1
(2007) 7780  0111011110000000 (   9)                 STR   R3 R6 #0
(2008) A21A  1010001000011010 (  12) check           LDI   R1 KBSR
(2009) 07FE  0000011111111110 (  13)                 BRZP  check
(200A) A019  1010000000011001 (  14)                 LDI   R0 KBDR
(200B) 3015  0011000000010101 (  15)                 ST    R0 saveR0
(200C) 2615  0010011000010101 (  16)                 LD    R3 huiche
(200D) 16C0  0001011011000000 (  17)                 ADD   R3 R3 R0
(200E) 0409  0000010000001001 (  18)                 BRZ   jieshu
(200F) 54A0  0101010010100000 (  19)                 AND   R2 R2 #0
(2010) 14AA  0001010010101010 (  20)                 ADD   R2 R2 #10
(2011) 200F  0010000000001111 (  22) loop            LD    R0 saveR0
(2012) A212  1010001000010010 (  24) pan             LDI   R1 DSR
(2013) 07FE  0000011111111110 (  25)                 BRZP  pan
(2014) B011  1011000000010001 (  27)                 STI   R0 DDR
(2015) 14BF  0001010010111111 (  28)                 ADD   R2 R2 #-1
(2016) 03FA  0000001111111010 (  29)                 BRP   loop
(2017) 0FF0  0000111111110000 (  31)                 BRNZP check
(2018) 6780  0110011110000000 (  34) jieshu          LDR   R3 R6 #0
(2019) 1DA1  0001110110100001 (  35)                 ADD   R6 R6 #1
(201A) 6580  0110010110000000 (  36)                 LDR   R2 R6 #0
(201B) 1DA1  0001110110100001 (  37)                 ADD   R6 R6 #1
(201C) 6380  0110001110000000 (  38)                 LDR   R1 R6 #0
(201D) 1DA1  0001110110100001 (  39)                 ADD   R6 R6 #1
(201E) 6180  0110000110000000 (  40)                 LDR   R0 R6 #0
(201F) 1DA1  0001110110100001 (  41)                 ADD   R6 R6 #1
(2020) 8000  1000000000000000 (  42)                 RTI   
(2021) 0000  0000000000000000 (  45) saveR0          .FILL x0000
(2022) FFF6  1111111111110110 (  46) huiche          .FILL xFFF6
(2023) FE00  1111111000000000 (  47) KBSR            .FILL xFE00
(2024) FE02  1111111000000010 (  48) KBDR            .FILL xFE02
(2025) FE04  1111111000000100 (  49) DSR             .FILL xFE04
(2026) FE06  1111111000000110 (  50) DDR             .FILL xFE06
