(0000) 3000  0011000000000000 (   1)                 .ORIG x3000
(3000) 2234  0010001000110100 (   2)                 LD    R1 start
(3001) 2E34  0010111000110100 (   3)                 LD    R7 ending
(3002) 2438  0010010000111000 (   4)                 LD    R2 num
(3003) 6640  0110011001000000 (   8) COPY            LDR   R3 R1 #0
(3004) 77C0  0111011111000000 (   9)                 STR   R3 R7 #0
(3005) 1261  0001001001100001 (  10)                 ADD   R1 R1 #1
(3006) 1FE1  0001111111100001 (  11)                 ADD   R7 R7 #1
(3007) 14BF  0001010010111111 (  12)                 ADD   R2 R2 #-1
(3008) 03FA  0000001111111010 (  13)                 BRP   COPY
(3009) 2432  0010010000110010 (  17)                 LD    R2 one
(300A) 2E2B  0010111000101011 (  20) F1              LD    R7 ending
(300B) 56E0  0101011011100000 (  21)                 AND   R3 R3 #0
(300C) 12B0  0001001010110000 (  22)                 ADD   R1 R2 #-16
(300D) 69C0  0110100111000000 (  24) F2              LDR   R4 R7 #0
(300E) 6BC1  0110101111000001 (  25)                 LDR   R5 R7 #1
(300F) 9D3F  1001110100111111 (  26)                 NOT   R6 R4
(3010) 1DA1  0001110110100001 (  27)                 ADD   R6 R6 #1
(3011) 1D85  0001110110000101 (  28)                 ADD   R6 R6 R5
(3012) 0C02  0000110000000010 (  29)                 BRNZ  FLAG
(3013) 7BC0  0111101111000000 (  30)                 STR   R5 R7 #0
(3014) 79C1  0111100111000001 (  31)                 STR   R4 R7 #1
(3015) 1FE1  0001111111100001 (  34) FLAG            ADD   R7 R7 #1
(3016) 16E1  0001011011100001 (  35)                 ADD   R3 R3 #1
(3017) 1CC1  0001110011000001 (  36)                 ADD   R6 R3 R1
(3018) 09F4  0000100111110100 (  37)                 BRN   F2
(3019) 14A1  0001010010100001 (  40)                 ADD   R2 R2 #1
(301A) 1CB0  0001110010110000 (  41)                 ADD   R6 R2 #-16
(301B) 09EE  0000100111101110 (  42)                 BRN   F1
(301C) 241C  0010010000011100 (  45)                 LD    R2 Ascore
(301D) 261C  0010011000011100 (  46)                 LD    R3 Bscore
(301E) 5260  0101001001100000 (  47)                 AND   R1 R1 #0
(301F) 5B60  0101101101100000 (  48)                 AND   R5 R5 #0
(3020) 5DA0  0101110110100000 (  49)                 AND   R6 R6 #0
(3021) 2E14  0010111000010100 (  50)                 LD    R7 ending
(3022) 69C0  0110100111000000 (  53) CountA          LDR   R4 R7 #0
(3023) 1902  0001100100000010 (  54)                 ADD   R4 R4 R2
(3024) 0805  0000100000000101 (  55)                 BRN   CountB
(3025) 1B61  0001101101100001 (  56)                 ADD   R5 R5 #1
(3026) 1FE1  0001111111100001 (  57)                 ADD   R7 R7 #1
(3027) 1261  0001001001100001 (  58)                 ADD   R1 R1 #1
(3028) 107C  0001000001111100 (  59)                 ADD   R0 R1 #-4
(3029) 09F8  0000100111111000 (  60)                 BRN   CountA
(302A) 69C0  0110100111000000 (  63) CountB          LDR   R4 R7 #0
(302B) 1903  0001100100000011 (  64)                 ADD   R4 R4 R3
(302C) 0805  0000100000000101 (  65)                 BRN   STORE
(302D) 1DA1  0001110110100001 (  66)                 ADD   R6 R6 #1
(302E) 1FE1  0001111111100001 (  67)                 ADD   R7 R7 #1
(302F) 1261  0001001001100001 (  68)                 ADD   R1 R1 #1
(3030) 1078  0001000001111000 (  69)                 ADD   R0 R1 #-8
(3031) 09F8  0000100111111000 (  70)                 BRN   CountB
(3032) BA04  1011101000000100 (  73) STORE           STI   R5 Anum
(3033) BC04  1011110000000100 (  74)                 STI   R6 Bnum
(3034) F025  1111000000100101 (  76)                 TRAP  x25
(3035) 3200  0011001000000000 (  78) start           .FILL x3200
(3036) 4000  0100000000000000 (  79) ending          .FILL x4000
(3037) 4100  0100000100000000 (  80) Anum            .FILL x4100
(3038) 4101  0100000100000001 (  81) Bnum            .FILL x4101
(3039) FFAB  1111111110101011 (  82) Ascore          .FILL xFFAB
(303A) FFB5  1111111110110101 (  83) Bscore          .FILL xFFB5
(303B) 0010  0000000000010000 (  84) num             .FILL x0010
(303C) 0001  0000000000000001 (  85) one             .FILL x0001
