(0000) 3000  0011000000000000 (   1)                 .ORIG x3000
(3000) 2230  0010001000110000 (   2)                 LD    R1 SCORE_ADDR
(3001) 2E30  0010111000110000 (   3)                 LD    R7 SORTED_ADDR
(3002) 2434  0010010000110100 (   4)                 LD    R2 StuNUM
(3003) 6640  0110011001000000 (   6) COPY            LDR   R3 R1 #0
(3004) 77C0  0111011111000000 (   7)                 STR   R3 R7 #0
(3005) 1261  0001001001100001 (   8)                 ADD   R1 R1 #1
(3006) 1FE1  0001111111100001 (   9)                 ADD   R7 R7 #1
(3007) 14BF  0001010010111111 (  10)                 ADD   R2 R2 #-1
(3008) 03FA  0000001111111010 (  11)                 BRP   COPY
(3009) 242E  0010010000101110 (  13)                 LD    R2 ONE
(300A) 2E27  0010111000100111 (  15) LOOP1           LD    R7 SORTED_ADDR
(300B) 56E0  0101011011100000 (  16)                 AND   R3 R3 #0
(300C) 12B0  0001001010110000 (  17)                 ADD   R1 R2 #-16
(300D) 69C0  0110100111000000 (  19) LOOP2           LDR   R4 R7 #0
(300E) 6BC1  0110101111000001 (  20)                 LDR   R5 R7 #1
(300F) 9D3F  1001110100111111 (  21)                 NOT   R6 R4
(3010) 1DA1  0001110110100001 (  22)                 ADD   R6 R6 #1
(3011) 1D85  0001110110000101 (  23)                 ADD   R6 R6 R5
(3012) 0602  0000011000000010 (  24)                 BRZP  CONTINUE
(3013) 7BC0  0111101111000000 (  25)                 STR   R5 R7 #0
(3014) 79C1  0111100111000001 (  26)                 STR   R4 R7 #1
(3015) 1FE1  0001111111100001 (  28) CONTINUE        ADD   R7 R7 #1
(3016) 16E1  0001011011100001 (  29)                 ADD   R3 R3 #1
(3017) 1CC1  0001110011000001 (  30)                 ADD   R6 R3 R1
(3018) 07F4  0000011111110100 (  31)                 BRZP  LOOP2
(3019) 14A1  0001010010100001 (  32)                 ADD   R2 R2 #1
(301A) 1CB0  0001110010110000 (  33)                 ADD   R6 R2 #-16
(301B) 07EE  0000011111101110 (  34)                 BRZP  LOOP1
(301C) 5B60  0101101101100000 (  36)                 AND   R5 R5 #0
(301D) 5DA0  0101110110100000 (  37)                 AND   R6 R6 #0
(301E) 2E13  0010111000010011 (  38)                 LD    R7 SORTED_ADDR
(301F) 5260  0101001001100000 (  39)                 AND   R1 R1 #0
(3020) 2414  0010010000010100 (  40)                 LD    R2 nAscore
(3021) 2614  0010011000010100 (  41)                 LD    R3 nBscore
(3022) 69C0  0110100111000000 (  43) CountA          LDR   R4 R7 #0
(3023) 1902  0001100100000010 (  44)                 ADD   R4 R4 R2
(3024) 0802  0000100000000010 (  45)                 BRN   CountB
(3025) 1B61  0001101101100001 (  46)                 ADD   R5 R5 #1
(3026) 0E03  0000111000000011 (  47)                 BRNZP ContinueCount
(3027) 1903  0001100100000011 (  49) CountB          ADD   R4 R4 R3
(3028) 0805  0000100000000101 (  50)                 BRN   Store
(3029) 1DA1  0001110110100001 (  51)                 ADD   R6 R6 #1
(302A) 1FE1  0001111111100001 (  53) ContinueCount   ADD   R7 R7 #1
(302B) 1261  0001001001100001 (  54)                 ADD   R1 R1 #1
(302C) 1070  0001000001110000 (  55)                 ADD   R0 R1 #-16
(302D) 07F4  0000011111110100 (  56)                 BRZP  CountA
(302E) 3A04  0011101000000100 (  58) Store           ST    R5 A_COUNT_ADDR
(302F) 3C04  0011110000000100 (  59)                 ST    R6 B_COUNT_ADDR
(3030) F025  1111000000100101 (  60)                 TRAP  x25
(3031) 3200  0011001000000000 (  61) SCORE_ADDR      .FILL x3200
(3032) 4000  0100000000000000 (  62) SORTED_ADDR     .FILL x4000
(3033) 4100  0100000100000000 (  63) A_COUNT_ADDR    .FILL x4100
(3034) 4101  0100000100000001 (  64) B_COUNT_ADDR    .FILL x4101
(3035) FFAB  1111111110101011 (  65) nAscore         .FILL xFFAB
(3036) FFB5  1111111110110101 (  66) nBscore         .FILL xFFB5
(3037) 0010  0000000000010000 (  67) StuNUM          .FILL x0010
(3038) 0001  0000000000000001 (  68) ONE             .FILL x0001
