(0000) 3000  0011000000000000 (   1)                 .ORIG x3000
(3000) 2C23  0010110000100011 (   2)                 LD    R6 stack
(3001) 2223  0010001000100011 (   3)                 LD    R1 entry
(3002) 2423  0010010000100011 (   4)                 LD    R2 start
(3003) 7440  0111010001000000 (   5)                 STR   R2 R1 #0
(3004) 2622  0010011000100010 (   6)                 LD    R3 IE
(3005) B622  1011011000100010 (   7)                 STI   R3 KBSR
(3006) 5920  0101100100100000 (  10) begin           AND   R4 R4 #0
(3007) 1926  0001100100100110 (  11)                 ADD   R4 R4 #6
(3008) 0405  0000010000000101 (  12) print6          BRZ   enter1
(3009) E01F  1110000000011111 (  13)                 LEA   R0 ICS6
(300A) F022  1111000000100010 (  14)                 TRAP  x22
(300B) 4812  0100100000010010 (  15)                 JSR   delay
(300C) 193F  0001100100111111 (  16)                 ADD   R4 R4 #-1
(300D) 0FFA  0000111111111010 (  17)                 BRNZP print6
(300E) 2028  0010000000101000 (  18) enter1          LD    R0 huiche
(300F) F021  1111000000100001 (  19)                 TRAP  x21
(3010) 480D  0100100000001101 (  20)                 JSR   delay
(3011) 5920  0101100100100000 (  23)                 AND   R4 R4 #0
(3012) 1925  0001100100100101 (  24)                 ADD   R4 R4 #5
(3013) 0405  0000010000000101 (  25) print5          BRZ   enter2
(3014) E01B  1110000000011011 (  26)                 LEA   R0 ICS5
(3015) F022  1111000000100010 (  27)                 TRAP  x22
(3016) 4807  0100100000000111 (  28)                 JSR   delay
(3017) 193F  0001100100111111 (  29)                 ADD   R4 R4 #-1
(3018) 0FFA  0000111111111010 (  30)                 BRNZP print5
(3019) 201D  0010000000011101 (  31) enter2          LD    R0 huiche
(301A) F021  1111000000100001 (  32)                 TRAP  x21
(301B) 4802  0100100000000010 (  33)                 JSR   delay
(301C) 0FE9  0000111111101001 (  34)                 BRNZP begin
(301D) F025  1111000000100101 (  36)                 TRAP  x25
(301E) 321A  0011001000011010 (  39) delay           ST    R1 saveR1
(301F) 2218  0010001000011000 (  40)                 LD    R1 count
(3020) 127F  0001001001111111 (  41) REP             ADD   R1 R1 #-1
(3021) 03FE  0000001111111110 (  42)                 BRP   REP
(3022) 2216  0010001000010110 (  43)                 LD    R1 saveR1
(3023) C1C0  1100000111000000 (  44)                 RET   
(3024) 3000  0011000000000000 (  47) stack           .FILL x3000
(3025) 0180  0000000110000000 (  48) entry           .FILL x0180
(3026) 2000  0010000000000000 (  49) start           .FILL x2000
(3027) 4000  0100000000000000 (  50) IE              .FILL x4000
(3028) FE00  1111111000000000 (  51) KBSR            .FILL xFE00
(3029) 0049  0000000001001001 (  52) ICS6            .FILL x0049
(302A) 0043  0000000001000011 (  52)                 .FILL x0043
(302B) 0053  0000000001010011 (  52)                 .FILL x0053
(302C) 0020  0000000000100000 (  52)                 .FILL x0020
(302D) 0020  0000000000100000 (  52)                 .FILL x0020
(302E) 0020  0000000000100000 (  52)                 .FILL x0020
(302F) 0000  0000000000000000 (  52)                 .FILL x0000
(3030) 0020  0000000000100000 (  53) ICS5            .FILL x0020
(3031) 0020  0000000000100000 (  53)                 .FILL x0020
(3032) 0020  0000000000100000 (  53)                 .FILL x0020
(3033) 0049  0000000001001001 (  53)                 .FILL x0049
(3034) 0043  0000000001000011 (  53)                 .FILL x0043
(3035) 0053  0000000001010011 (  53)                 .FILL x0053
(3036) 0000  0000000000000000 (  53)                 .FILL x0000
(3037) 000A  0000000000001010 (  54) huiche          .FILL x000A
(3038) 61A8  0110000110101000 (  55) count           .FILL x61A8
(3039) 0000  0000000000000000 (  56) saveR1          .FILL x0000
