(0000) 3000  0011000000000000 (   7)                 .ORIG x3000
(3000) 286A  0010100001101010 (   9)                 LD    R4 FULL
(3001) 4912  0100100100010010 (  10)                 JSR   OUTCB
(3002) 2C66  0010110001100110 (  11) NEXTLOOP        LD    R6 PLAY1
(3003) 4822  0100100000100010 (  12) AGAIN           JSR   OUTP1IN
(3004) F020  1111000000100000 (  13)                 TRAP  x20
(3005) F021  1111000000100001 (  14)                 TRAP  x21
(3006) 48EF  0100100011101111 (  15)                 JSR   JUDGEMENT
(3007) 485A  0100100001011010 (  16)                 JSR   OUTNewLine
(3008) 1B60  0001101101100000 (  18)                 ADD   R5 R5 #0
(3009) 0A02  0000101000000010 (  19)                 BRNP  REPLAY2
(300A) 4825  0100100000100101 (  20)                 JSR   OUTERROR
(300B) 0FF7  0000111111110111 (  21)                 BRNZP AGAIN
(300C) 4907  0100100100000111 (  23) REPLAY2         JSR   OUTCB
(300D) 4928  0100100100101000 (  24)                 JSR   IFWIN
(300E) 16E0  0001011011100000 (  25)                 ADD   R3 R3 #0
(300F) 0212  0000001000010010 (  26)                 BRP   ONEWIN
(3010) 2C59  0010110001011001 (  27)                 LD    R6 PLAY2
(3011) 4819  0100100000011001 (  28) AGAIN2          JSR   OUTP2IN
(3012) F020  1111000000100000 (  29)                 TRAP  x20
(3013) F021  1111000000100001 (  30)                 TRAP  x21
(3014) 48E1  0100100011100001 (  31)                 JSR   JUDGEMENT
(3015) 484C  0100100001001100 (  32)                 JSR   OUTNewLine
(3016) 1B60  0001101101100000 (  34)                 ADD   R5 R5 #0
(3017) 0A02  0000101000000010 (  35)                 BRNP  IFFULL
(3018) 4817  0100100000010111 (  36)                 JSR   OUTERROR
(3019) 0FF7  0000111111110111 (  37)                 BRNZP AGAIN2
(301A) 48F9  0100100011111001 (  39) IFFULL          JSR   OUTCB
(301B) 491A  0100100100011010 (  40)                 JSR   IFWIN
(301C) 16E0  0001011011100000 (  41)                 ADD   R3 R3 #0
(301D) 0206  0000001000000110 (  42)                 BRP   TWOWIN
(301E) 193F  0001100100111111 (  43)                 ADD   R4 R4 #-1
(301F) 03E2  0000001111100010 (  44)                 BRP   NEXTLOOP
(3020) 4826  0100100000100110 (  45)                 JSR   OUTTIE
(3021) 0E03  0000111000000011 (  46)                 BRNZP STOP
(3022) 4816  0100100000010110 (  48) ONEWIN          JSR   OUTP1WIN
(3023) 0E01  0000111000000001 (  49)                 BRNZP STOP
(3024) 481B  0100100000011011 (  51) TWOWIN          JSR   OUTP2WIN
(3025) F025  1111000000100101 (  53) STOP            TRAP  x25
(3026) 3E4D  0011111001001101 (  60) OUTP1IN         ST    R7 SaveR7
(3027) E052  1110000001010010 (  61)                 LEA   R0 P1IN
(3028) F022  1111000000100010 (  62)                 TRAP  x22
(3029) 2E4A  0010111001001010 (  63)                 LD    R7 SaveR7
(302A) C1C0  1100000111000000 (  64)                 RET   
(302B) 3E48  0011111001001000 (  66) OUTP2IN         ST    R7 SaveR7
(302C) E068  1110000001101000 (  67)                 LEA   R0 P2IN
(302D) F022  1111000000100010 (  68)                 TRAP  x22
(302E) 2E45  0010111001000101 (  69)                 LD    R7 SaveR7
(302F) C1C0  1100000111000000 (  70)                 RET   
(3030) 3E43  0011111001000011 (  72) OUTERROR        ST    R7 SaveR7
(3031) 303B  0011000000111011 (  73)                 ST    R0 SaveR0
(3032) E07D  1110000001111101 (  74)                 LEA   R0 ERROR
(3033) F022  1111000000100010 (  75)                 TRAP  x22
(3034) 20C0  0010000011000000 (  76)                 LD    R0 ASCIINewLine
(3035) F021  1111000000100001 (  77)                 TRAP  x21
(3036) 2036  0010000000110110 (  78)                 LD    R0 SaveR0
(3037) 2E3C  0010111000111100 (  79)                 LD    R7 SaveR7
(3038) C1C0  1100000111000000 (  80)                 RET   
(3039) 3E3A  0011111000111010 (  82) OUTP1WIN        ST    R7 SaveR7
(303A) E08E  1110000010001110 (  83)                 LEA   R0 P1WIN
(303B) F022  1111000000100010 (  84)                 TRAP  x22
(303C) 20B8  0010000010111000 (  85)                 LD    R0 ASCIINewLine
(303D) F021  1111000000100001 (  86)                 TRAP  x21
(303E) 2E35  0010111000110101 (  87)                 LD    R7 SaveR7
(303F) C1C0  1100000111000000 (  88)                 RET   
(3040) 3E33  0011111000110011 (  90) OUTP2WIN        ST    R7 SaveR7
(3041) E096  1110000010010110 (  91)                 LEA   R0 P2WIN
(3042) F022  1111000000100010 (  92)                 TRAP  x22
(3043) 20B1  0010000010110001 (  93)                 LD    R0 ASCIINewLine
(3044) F021  1111000000100001 (  94)                 TRAP  x21
(3045) 2E2E  0010111000101110 (  95)                 LD    R7 SaveR7
(3046) C1C0  1100000111000000 (  96)                 RET   
(3047) 3E2C  0011111000101100 (  98) OUTTIE          ST    R7 SaveR7
(3048) E09E  1110000010011110 (  99)                 LEA   R0 TIE
(3049) F022  1111000000100010 ( 100)                 TRAP  x22
(304A) 20AA  0010000010101010 ( 101)                 LD    R0 ASCIINewLine
(304B) F021  1111000000100001 ( 102)                 TRAP  x21
(304C) 2E27  0010111000100111 ( 103)                 LD    R7 SaveR7
(304D) C1C0  1100000111000000 ( 104)                 RET   
(304E) 3E25  0011111000100101 ( 106) OUTX            ST    R7 SaveR7
(304F) 20A1  0010000010100001 ( 107)                 LD    R0 ASCIIX
(3050) F021  1111000000100001 ( 108)                 TRAP  x21
(3051) 2E22  0010111000100010 ( 109)                 LD    R7 SaveR7
(3052) C1C0  1100000111000000 ( 110)                 RET   
(3053) 3E20  0011111000100000 ( 112) OUTO            ST    R7 SaveR7
(3054) 209D  0010000010011101 ( 113)                 LD    R0 ASCIIO
(3055) F021  1111000000100001 ( 114)                 TRAP  x21
(3056) 2E1D  0010111000011101 ( 115)                 LD    R7 SaveR7
(3057) C1C0  1100000111000000 ( 116)                 RET   
(3058) 3E1B  0011111000011011 ( 118) OUTNull         ST    R7 SaveR7
(3059) 2099  0010000010011001 ( 119)                 LD    R0 ASCIINull
(305A) F021  1111000000100001 ( 120)                 TRAP  x21
(305B) 2E18  0010111000011000 ( 121)                 LD    R7 SaveR7
(305C) C1C0  1100000111000000 ( 122)                 RET   
(305D) 3E16  0011111000010110 ( 124) OUTSpace        ST    R7 SaveR7
(305E) 2095  0010000010010101 ( 125)                 LD    R0 ASCIISpace
(305F) F021  1111000000100001 ( 126)                 TRAP  x21
(3060) 2E13  0010111000010011 ( 127)                 LD    R7 SaveR7
(3061) C1C0  1100000111000000 ( 128)                 RET   
(3062) 3E11  0011111000010001 ( 130) OUTNewLine      ST    R7 SaveR7
(3063) 3009  0011000000001001 ( 131)                 ST    R0 SaveR0
(3064) 2090  0010000010010000 ( 132)                 LD    R0 ASCIINewLine
(3065) F021  1111000000100001 ( 133)                 TRAP  x21
(3066) 2006  0010000000000110 ( 134)                 LD    R0 SaveR0
(3067) 2E0C  0010111000001100 ( 135)                 LD    R7 SaveR7
(3068) C1C0  1100000111000000 ( 136)                 RET   
(3069) 0001  0000000000000001 ( 139) PLAY1           .FILL x0001
(306A) FFFF  1111111111111111 ( 140) PLAY2           .FILL xFFFF
(306B) 0012  0000000000010010 ( 141) FULL            .FILL x0012
(306C) 0000  0000000000000000 ( 142) SaveR00         .FILL x0000
(306D) 0000  0000000000000000 ( 143) SaveR0          .FILL x0000
(306E) 0000  0000000000000000 ( 144) SaveR1          .FILL x0000
(306F) 0000  0000000000000000 ( 145) SaveR2          .FILL x0000
(3070) 0000  0000000000000000 ( 146) SaveR3          .FILL x0000
(3071) 0000  0000000000000000 ( 147) SaveR4          .FILL x0000
(3072) 0000  0000000000000000 ( 148) SaveR5          .FILL x0000
(3073) 0000  0000000000000000 ( 149) SaveR6          .FILL x0000
(3074) 0000  0000000000000000 ( 150) SaveR7          .FILL x0000
(3075) 0000  0000000000000000 ( 151) SaveR07         .FILL x0000
(3076) 0024  0000000000100100 ( 153) THIRDSIX        .FILL x0024
(3077) FFD0  1111111111010000 ( 154) ASCII           .FILL xFFD0
(3078) 4000  0100000000000000 ( 155) ChessBoard      .FILL x4000
(3079) 401E  0100000000011110 ( 156) LASTLINE        .FILL x401E
(307A) 0050  0000000001010000 ( 157) P1IN            .FILL x0050
(307B) 006C  0000000001101100 ( 157)                 .FILL x006C
(307C) 0061  0000000001100001 ( 157)                 .FILL x0061
(307D) 0079  0000000001111001 ( 157)                 .FILL x0079
(307E) 0065  0000000001100101 ( 157)                 .FILL x0065
(307F) 0072  0000000001110010 ( 157)                 .FILL x0072
(3080) 0020  0000000000100000 ( 157)                 .FILL x0020
(3081) 0031  0000000000110001 ( 157)                 .FILL x0031
(3082) 002C  0000000000101100 ( 157)                 .FILL x002C
(3083) 0020  0000000000100000 ( 157)                 .FILL x0020
(3084) 0063  0000000001100011 ( 157)                 .FILL x0063
(3085) 0068  0000000001101000 ( 157)                 .FILL x0068
(3086) 006F  0000000001101111 ( 157)                 .FILL x006F
(3087) 006F  0000000001101111 ( 157)                 .FILL x006F
(3088) 0073  0000000001110011 ( 157)                 .FILL x0073
(3089) 0065  0000000001100101 ( 157)                 .FILL x0065
(308A) 0020  0000000000100000 ( 157)                 .FILL x0020
(308B) 0061  0000000001100001 ( 157)                 .FILL x0061
(308C) 0020  0000000000100000 ( 157)                 .FILL x0020
(308D) 0063  0000000001100011 ( 157)                 .FILL x0063
(308E) 006F  0000000001101111 ( 157)                 .FILL x006F
(308F) 006C  0000000001101100 ( 157)                 .FILL x006C
(3090) 0075  0000000001110101 ( 157)                 .FILL x0075
(3091) 006D  0000000001101101 ( 157)                 .FILL x006D
(3092) 006E  0000000001101110 ( 157)                 .FILL x006E
(3093) 003A  0000000000111010 ( 157)                 .FILL x003A
(3094) 0000  0000000000000000 ( 157)                 .FILL x0000
(3095) 0050  0000000001010000 ( 158) P2IN            .FILL x0050
(3096) 006C  0000000001101100 ( 158)                 .FILL x006C
(3097) 0061  0000000001100001 ( 158)                 .FILL x0061
(3098) 0079  0000000001111001 ( 158)                 .FILL x0079
(3099) 0065  0000000001100101 ( 158)                 .FILL x0065
(309A) 0072  0000000001110010 ( 158)                 .FILL x0072
(309B) 0020  0000000000100000 ( 158)                 .FILL x0020
(309C) 0032  0000000000110010 ( 158)                 .FILL x0032
(309D) 002C  0000000000101100 ( 158)                 .FILL x002C
(309E) 0020  0000000000100000 ( 158)                 .FILL x0020
(309F) 0063  0000000001100011 ( 158)                 .FILL x0063
(30A0) 0068  0000000001101000 ( 158)                 .FILL x0068
(30A1) 006F  0000000001101111 ( 158)                 .FILL x006F
(30A2) 006F  0000000001101111 ( 158)                 .FILL x006F
(30A3) 0073  0000000001110011 ( 158)                 .FILL x0073
(30A4) 0065  0000000001100101 ( 158)                 .FILL x0065
(30A5) 0020  0000000000100000 ( 158)                 .FILL x0020
(30A6) 0061  0000000001100001 ( 158)                 .FILL x0061
(30A7) 0020  0000000000100000 ( 158)                 .FILL x0020
(30A8) 0063  0000000001100011 ( 158)                 .FILL x0063
(30A9) 006F  0000000001101111 ( 158)                 .FILL x006F
(30AA) 006C  0000000001101100 ( 158)                 .FILL x006C
(30AB) 0075  0000000001110101 ( 158)                 .FILL x0075
(30AC) 006D  0000000001101101 ( 158)                 .FILL x006D
(30AD) 006E  0000000001101110 ( 158)                 .FILL x006E
(30AE) 003A  0000000000111010 ( 158)                 .FILL x003A
(30AF) 0000  0000000000000000 ( 158)                 .FILL x0000
(30B0) 0049  0000000001001001 ( 159) ERROR           .FILL x0049
(30B1) 006E  0000000001101110 ( 159)                 .FILL x006E
(30B2) 0076  0000000001110110 ( 159)                 .FILL x0076
(30B3) 0061  0000000001100001 ( 159)                 .FILL x0061
(30B4) 006C  0000000001101100 ( 159)                 .FILL x006C
(30B5) 0069  0000000001101001 ( 159)                 .FILL x0069
(30B6) 0064  0000000001100100 ( 159)                 .FILL x0064
(30B7) 0020  0000000000100000 ( 159)                 .FILL x0020
(30B8) 006D  0000000001101101 ( 159)                 .FILL x006D
(30B9) 006F  0000000001101111 ( 159)                 .FILL x006F
(30BA) 0076  0000000001110110 ( 159)                 .FILL x0076
(30BB) 0065  0000000001100101 ( 159)                 .FILL x0065
(30BC) 002E  0000000000101110 ( 159)                 .FILL x002E
(30BD) 0020  0000000000100000 ( 159)                 .FILL x0020
(30BE) 0054  0000000001010100 ( 159)                 .FILL x0054
(30BF) 0072  0000000001110010 ( 159)                 .FILL x0072
(30C0) 0079  0000000001111001 ( 159)                 .FILL x0079
(30C1) 0020  0000000000100000 ( 159)                 .FILL x0020
(30C2) 0061  0000000001100001 ( 159)                 .FILL x0061
(30C3) 0067  0000000001100111 ( 159)                 .FILL x0067
(30C4) 0061  0000000001100001 ( 159)                 .FILL x0061
(30C5) 0069  0000000001101001 ( 159)                 .FILL x0069
(30C6) 006E  0000000001101110 ( 159)                 .FILL x006E
(30C7) 002E  0000000000101110 ( 159)                 .FILL x002E
(30C8) 0000  0000000000000000 ( 159)                 .FILL x0000
(30C9) 0050  0000000001010000 ( 160) P1WIN           .FILL x0050
(30CA) 006C  0000000001101100 ( 160)                 .FILL x006C
(30CB) 0061  0000000001100001 ( 160)                 .FILL x0061
(30CC) 0079  0000000001111001 ( 160)                 .FILL x0079
(30CD) 0065  0000000001100101 ( 160)                 .FILL x0065
(30CE) 0072  0000000001110010 ( 160)                 .FILL x0072
(30CF) 0020  0000000000100000 ( 160)                 .FILL x0020
(30D0) 0031  0000000000110001 ( 160)                 .FILL x0031
(30D1) 0020  0000000000100000 ( 160)                 .FILL x0020
(30D2) 0057  0000000001010111 ( 160)                 .FILL x0057
(30D3) 0069  0000000001101001 ( 160)                 .FILL x0069
(30D4) 006E  0000000001101110 ( 160)                 .FILL x006E
(30D5) 0073  0000000001110011 ( 160)                 .FILL x0073
(30D6) 002E  0000000000101110 ( 160)                 .FILL x002E
(30D7) 0000  0000000000000000 ( 160)                 .FILL x0000
(30D8) 0050  0000000001010000 ( 161) P2WIN           .FILL x0050
(30D9) 006C  0000000001101100 ( 161)                 .FILL x006C
(30DA) 0061  0000000001100001 ( 161)                 .FILL x0061
(30DB) 0079  0000000001111001 ( 161)                 .FILL x0079
(30DC) 0065  0000000001100101 ( 161)                 .FILL x0065
(30DD) 0072  0000000001110010 ( 161)                 .FILL x0072
(30DE) 0020  0000000000100000 ( 161)                 .FILL x0020
(30DF) 0032  0000000000110010 ( 161)                 .FILL x0032
(30E0) 0020  0000000000100000 ( 161)                 .FILL x0020
(30E1) 0057  0000000001010111 ( 161)                 .FILL x0057
(30E2) 0069  0000000001101001 ( 161)                 .FILL x0069
(30E3) 006E  0000000001101110 ( 161)                 .FILL x006E
(30E4) 0073  0000000001110011 ( 161)                 .FILL x0073
(30E5) 002E  0000000000101110 ( 161)                 .FILL x002E
(30E6) 0000  0000000000000000 ( 161)                 .FILL x0000
(30E7) 0054  0000000001010100 ( 162) TIE             .FILL x0054
(30E8) 0069  0000000001101001 ( 162)                 .FILL x0069
(30E9) 0065  0000000001100101 ( 162)                 .FILL x0065
(30EA) 0020  0000000000100000 ( 162)                 .FILL x0020
(30EB) 0047  0000000001000111 ( 162)                 .FILL x0047
(30EC) 0061  0000000001100001 ( 162)                 .FILL x0061
(30ED) 006D  0000000001101101 ( 162)                 .FILL x006D
(30EE) 0065  0000000001100101 ( 162)                 .FILL x0065
(30EF) 002E  0000000000101110 ( 162)                 .FILL x002E
(30F0) 0000  0000000000000000 ( 162)                 .FILL x0000
(30F1) 0058  0000000001011000 ( 163) ASCIIX          .FILL x0058
(30F2) 004F  0000000001001111 ( 164) ASCIIO          .FILL x004F
(30F3) 002D  0000000000101101 ( 165) ASCIINull       .FILL x002D
(30F4) 0020  0000000000100000 ( 166) ASCIISpace      .FILL x0020
(30F5) 000A  0000000000001010 ( 167) ASCIINewLine    .FILL x000A
(30F6) 3377  0011001101110111 ( 171) JUDGEMENT       ST    R1 SaveR1
(30F7) 3577  0011010101110111 ( 172)                 ST    R2 SaveR2
(30F8) 3777  0011011101110111 ( 173)                 ST    R3 SaveR3
(30F9) 3F7B  0011111101111011 ( 174)                 ST    R7 SaveR07
(30FA) 56E0  0101011011100000 ( 176)                 AND   R3 R3 #0
(30FB) 16E6  0001011011100110 ( 177)                 ADD   R3 R3 #6
(30FC) 237A  0010001101111010 ( 178)                 LD    R1 ASCII
(30FD) 1240  0001001001000000 ( 179)                 ADD   R1 R1 R0
(30FE) 217A  0010000101111010 ( 180)                 LD    R0 LASTLINE
(30FF) 127F  0001001001111111 ( 181)                 ADD   R1 R1 #-1
(3100) 080D  0000100000001101 ( 182)                 BRN   BACK
(3101) 147B  0001010001111011 ( 183)                 ADD   R2 R1 #-5
(3102) 020B  0000001000001011 ( 184)                 BRP   BACK
(3103) 1001  0001000000000001 ( 185)                 ADD   R0 R0 R1
(3104) 6200  0110001000000000 ( 186) CheckNext       LDR   R1 R0 #0
(3105) 0A04  0000101000000100 ( 187)                 BRNP  NEXTLINE
(3106) 7C00  0111110000000000 ( 188)                 STR   R6 R0 #0
(3107) 5B60  0101101101100000 ( 189)                 AND   R5 R5 #0
(3108) 1B61  0001101101100001 ( 190)                 ADD   R5 R5 #1
(3109) 0E05  0000111000000101 ( 191)                 BRNZP BACK2
(310A) 103A  0001000000111010 ( 193) NEXTLINE        ADD   R0 R0 #-6
(310B) 16FF  0001011011111111 ( 194)                 ADD   R3 R3 #-1
(310C) 0C01  0000110000000001 ( 195)                 BRNZ  BACK
(310D) 0FF6  0000111111110110 ( 196)                 BRNZP CheckNext
(310E) 5B60  0101101101100000 ( 198) BACK            AND   R5 R5 #0
(310F) 235E  0010001101011110 ( 199) BACK2           LD    R1 SaveR1
(3110) 255E  0010010101011110 ( 200)                 LD    R2 SaveR2
(3111) 275E  0010011101011110 ( 201)                 LD    R3 SaveR3
(3112) 2F62  0010111101100010 ( 202)                 LD    R7 SaveR07
(3113) C1C0  1100000111000000 ( 203)                 RET   
(3114) 3157  0011000101010111 ( 207) OUTCB           ST    R0 SaveR00
(3115) 3358  0011001101011000 ( 208)                 ST    R1 SaveR1
(3116) 3558  0011010101011000 ( 209)                 ST    R2 SaveR2
(3117) 3758  0011011101011000 ( 210)                 ST    R3 SaveR3
(3118) 3F5C  0011111101011100 ( 211)                 ST    R7 SaveR07
(3119) 5260  0101001001100000 ( 213)                 AND   R1 R1 #0
(311A) 54A0  0101010010100000 ( 214)                 AND   R2 R2 #0
(311B) 235A  0010001101011010 ( 215)                 LD    R1 THIRDSIX
(311C) 275B  0010011101011011 ( 216)                 LD    R3 ChessBoard
(311D) 16E1  0001011011100001 ( 217) NEXT3           ADD   R3 R3 #1
(311E) 60FF  0110000011111111 ( 218)                 LDR   R0 R3 #-1
(311F) 0202  0000001000000010 ( 219)                 BRP   O
(3120) 0403  0000010000000011 ( 220)                 BRZ   NULL
(3121) 0804  0000100000000100 ( 221)                 BRN   X
(3122) 4F30  0100111100110000 ( 222) O               JSR   OUTO
(3123) 0E03  0000111000000011 ( 223)                 BRNZP NEXT
(3124) 4F33  0100111100110011 ( 224) NULL            JSR   OUTNull
(3125) 0E01  0000111000000001 ( 225)                 BRNZP NEXT
(3126) 4F27  0100111100100111 ( 226) X               JSR   OUTX
(3127) 14A1  0001010010100001 ( 227) NEXT            ADD   R2 R2 #1
(3128) 10BA  0001000010111010 ( 228)                 ADD   R0 R2 #-6
(3129) 0402  0000010000000010 ( 229)                 BRZ   NewLine
(312A) 4F32  0100111100110010 ( 230)                 JSR   OUTSpace
(312B) 0E02  0000111000000010 ( 231)                 BRNZP NEXT2
(312C) 54A0  0101010010100000 ( 232) NewLine         AND   R2 R2 #0
(312D) 4F34  0100111100110100 ( 233)                 JSR   OUTNewLine
(312E) 127F  0001001001111111 ( 234) NEXT2           ADD   R1 R1 #-1
(312F) 03ED  0000001111101101 ( 235)                 BRP   NEXT3
(3130) 213B  0010000100111011 ( 237)                 LD    R0 SaveR00
(3131) 233C  0010001100111100 ( 238)                 LD    R1 SaveR1
(3132) 253C  0010010100111100 ( 239)                 LD    R2 SaveR2
(3133) 273C  0010011100111100 ( 240)                 LD    R3 SaveR3
(3134) 2F40  0010111101000000 ( 241)                 LD    R7 SaveR07
(3135) C1C0  1100000111000000 ( 242)                 RET   
(3136) 328E  0011001010001110 ( 246) IFWIN           ST    R1 SaveR11
(3137) 348E  0011010010001110 ( 247)                 ST    R2 SaveR22
(3138) 388E  0011100010001110 ( 248)                 ST    R4 SaveR44
(3139) 3A8E  0011101010001110 ( 249)                 ST    R5 SaveR55
(313A) 3C8E  0011110010001110 ( 250)                 ST    R6 SaveR66
(313B) 3E8E  0011111010001110 ( 251)                 ST    R7 SaveR77
(313C) 5260  0101001001100000 ( 253)                 AND   R1 R1 #0
(313D) 56E0  0101011011100000 ( 254)                 AND   R3 R3 #0
(313E) 5920  0101100100100000 ( 255)                 AND   R4 R4 #0
(313F) 54A0  0101010010100000 ( 256)                 AND   R2 R2 #0
(3140) 1E20  0001111000100000 ( 257)                 ADD   R7 R0 #0
(3141) 2A8B  0010101010001011 ( 259)                 LD    R5 LOAC
(3142) 1BC5  0001101111000101 ( 260)                 ADD   R5 R7 R5
(3143) 1B7A  0001101101111010 ( 261) DELETE6         ADD   R5 R5 #-6
(3144) 0802  0000100000000010 ( 262)                 BRN   ROWSUM
(3145) 1921  0001100100100001 ( 263)                 ADD   R4 R4 #1
(3146) 0FFC  0000111111111100 ( 264)                 BRNZP DELETE6
(3147) 1566  0001010101100110 ( 265) ROWSUM          ADD   R2 R5 #6
(3148) 3883  0011100010000011 ( 266)                 ST    R4 SaveROW
(3149) 3481  0011010010000001 ( 267)                 ST    R2 Savelist
(314A) 9DBF  1001110110111111 ( 269)                 NOT   R6 R6
(314B) 1DA1  0001110110100001 ( 270)                 ADD   R6 R6 #1
(314C) 193F  0001100100111111 ( 272) CHECKNEXT       ADD   R4 R4 #-1
(314D) 0806  0000100000000110 ( 273)                 BRN   DIRECTION
(314E) 1FFA  0001111111111010 ( 274)                 ADD   R7 R7 #-6
(314F) 6BC0  0110101111000000 ( 275)                 LDR   R5 R7 #0
(3150) 1B46  0001101101000110 ( 276)                 ADD   R5 R5 R6
(3151) 0A02  0000101000000010 ( 277)                 BRNP  DIRECTION
(3152) 1261  0001001001100001 ( 278)                 ADD   R1 R1 #1
(3153) 0FF8  0000111111111000 ( 279)                 BRNZP CHECKNEXT
(3154) 2877  0010100001110111 ( 281) DIRECTION       LD    R4 SaveROW
(3155) 1E20  0001111000100000 ( 282)                 ADD   R7 R0 #0
(3156) 1921  0001100100100001 ( 283) CHECKNEXT1      ADD   R4 R4 #1
(3157) 0806  0000100000000110 ( 284)                 BRN   JUDGEFOUR
(3158) 1FE6  0001111111100110 ( 285)                 ADD   R7 R7 #6
(3159) 6BC0  0110101111000000 ( 286)                 LDR   R5 R7 #0
(315A) 1B46  0001101101000110 ( 287)                 ADD   R5 R5 R6
(315B) 0A02  0000101000000010 ( 288)                 BRNP  JUDGEFOUR
(315C) 1261  0001001001100001 ( 289)                 ADD   R1 R1 #1
(315D) 0FF8  0000111111111000 ( 290)                 BRNZP CHECKNEXT1
(315E) 1A7D  0001101001111101 ( 292) JUDGEFOUR       ADD   R5 R1 #-3
(315F) 0802  0000100000000010 ( 293)                 BRN   CROW
(3160) 16E1  0001011011100001 ( 294)                 ADD   R3 R3 #1
(3161) 0E5C  0000111001011100 ( 295)                 BRNZP SOMEONEWIN
(3162) 5260  0101001001100000 ( 297) CROW            AND   R1 R1 #0
(3163) 1E20  0001111000100000 ( 298)                 ADD   R7 R0 #0
(3164) 2466  0010010001100110 ( 299)                 LD    R2 Savelist
(3165) 14BF  0001010010111111 ( 300) CHECKNEXT2      ADD   R2 R2 #-1
(3166) 0806  0000100000000110 ( 301)                 BRN   CROW1
(3167) 1FFF  0001111111111111 ( 302)                 ADD   R7 R7 #-1
(3168) 6BC0  0110101111000000 ( 303)                 LDR   R5 R7 #0
(3169) 1B85  0001101110000101 ( 304)                 ADD   R5 R6 R5
(316A) 0A02  0000101000000010 ( 305)                 BRNP  CROW1
(316B) 1261  0001001001100001 ( 306)                 ADD   R1 R1 #1
(316C) 0FF8  0000111111111000 ( 307)                 BRNZP CHECKNEXT2
(316D) 1E20  0001111000100000 ( 308) CROW1           ADD   R7 R0 #0
(316E) 245C  0010010001011100 ( 309)                 LD    R2 Savelist
(316F) 14A1  0001010010100001 ( 310) CHECKNEXT3      ADD   R2 R2 #1
(3170) 1ABA  0001101010111010 ( 311)                 ADD   R5 R2 #-6
(3171) 0606  0000011000000110 ( 312)                 BRZP  JUDGEFOUR2
(3172) 1FE1  0001111111100001 ( 313)                 ADD   R7 R7 #1
(3173) 6BC0  0110101111000000 ( 314)                 LDR   R5 R7 #0
(3174) 1B46  0001101101000110 ( 315)                 ADD   R5 R5 R6
(3175) 0A02  0000101000000010 ( 316)                 BRNP  JUDGEFOUR2
(3176) 1261  0001001001100001 ( 317)                 ADD   R1 R1 #1
(3177) 0FF7  0000111111110111 ( 318)                 BRNZP CHECKNEXT3
(3178) 1A7D  0001101001111101 ( 320) JUDGEFOUR2      ADD   R5 R1 #-3
(3179) 0802  0000100000000010 ( 321)                 BRN   INCLINED
(317A) 16E1  0001011011100001 ( 322)                 ADD   R3 R3 #1
(317B) 0E42  0000111001000010 ( 323)                 BRNZP SOMEONEWIN
(317C) 5260  0101001001100000 ( 325) INCLINED        AND   R1 R1 #0
(317D) 1E20  0001111000100000 ( 326)                 ADD   R7 R0 #0
(317E) 244C  0010010001001100 ( 327)                 LD    R2 Savelist
(317F) 284C  0010100001001100 ( 328)                 LD    R4 SaveROW
(3180) 193F  0001100100111111 ( 330) NEXTINCL        ADD   R4 R4 #-1
(3181) 0808  0000100000001000 ( 331)                 BRN   INCLINED2
(3182) 14BF  0001010010111111 ( 332)                 ADD   R2 R2 #-1
(3183) 0806  0000100000000110 ( 333)                 BRN   INCLINED2
(3184) 1FF9  0001111111111001 ( 334)                 ADD   R7 R7 #-7
(3185) 6BC0  0110101111000000 ( 335)                 LDR   R5 R7 #0
(3186) 1B46  0001101101000110 ( 336)                 ADD   R5 R5 R6
(3187) 0A02  0000101000000010 ( 337)                 BRNP  INCLINED2
(3188) 1261  0001001001100001 ( 338)                 ADD   R1 R1 #1
(3189) 0FF6  0000111111110110 ( 339)                 BRNZP NEXTINCL
(318A) 1E20  0001111000100000 ( 341) INCLINED2       ADD   R7 R0 #0
(318B) 243F  0010010000111111 ( 342)                 LD    R2 Savelist
(318C) 283F  0010100000111111 ( 343)                 LD    R4 SaveROW
(318D) 1921  0001100100100001 ( 345) NEXTINCL1       ADD   R4 R4 #1
(318E) 1B3A  0001101100111010 ( 346)                 ADD   R5 R4 #-6
(318F) 0609  0000011000001001 ( 347)                 BRZP  JUDGEFOUR3
(3190) 14A1  0001010010100001 ( 348)                 ADD   R2 R2 #1
(3191) 1ABA  0001101010111010 ( 349)                 ADD   R5 R2 #-6
(3192) 0606  0000011000000110 ( 350)                 BRZP  JUDGEFOUR3
(3193) 1FE7  0001111111100111 ( 351)                 ADD   R7 R7 #7
(3194) 6BC0  0110101111000000 ( 352)                 LDR   R5 R7 #0
(3195) 1B46  0001101101000110 ( 353)                 ADD   R5 R5 R6
(3196) 0A02  0000101000000010 ( 354)                 BRNP  JUDGEFOUR3
(3197) 1261  0001001001100001 ( 355)                 ADD   R1 R1 #1
(3198) 0FF4  0000111111110100 ( 356)                 BRNZP NEXTINCL1
(3199) 1A7D  0001101001111101 ( 358) JUDGEFOUR3      ADD   R5 R1 #-3
(319A) 0802  0000100000000010 ( 359)                 BRN   BIAS
(319B) 16E1  0001011011100001 ( 360)                 ADD   R3 R3 #1
(319C) 0E21  0000111000100001 ( 361)                 BRNZP SOMEONEWIN
(319D) 5260  0101001001100000 ( 363) BIAS            AND   R1 R1 #0
(319E) 1E20  0001111000100000 ( 364)                 ADD   R7 R0 #0
(319F) 242B  0010010000101011 ( 365)                 LD    R2 Savelist
(31A0) 282B  0010100000101011 ( 366)                 LD    R4 SaveROW
(31A1) 1921  0001100100100001 ( 368) NEXTBIAS        ADD   R4 R4 #1
(31A2) 1B3A  0001101100111010 ( 369)                 ADD   R5 R4 #-6
(31A3) 0608  0000011000001000 ( 370)                 BRZP  NEXTBIAS2
(31A4) 14BF  0001010010111111 ( 371)                 ADD   R2 R2 #-1
(31A5) 0806  0000100000000110 ( 372)                 BRN   NEXTBIAS2
(31A6) 1FE5  0001111111100101 ( 373)                 ADD   R7 R7 #5
(31A7) 6BC0  0110101111000000 ( 374)                 LDR   R5 R7 #0
(31A8) 1B46  0001101101000110 ( 375)                 ADD   R5 R5 R6
(31A9) 0A02  0000101000000010 ( 376)                 BRNP  NEXTBIAS2
(31AA) 1261  0001001001100001 ( 377)                 ADD   R1 R1 #1
(31AB) 0FF5  0000111111110101 ( 378)                 BRNZP NEXTBIAS
(31AC) 1E20  0001111000100000 ( 380) NEXTBIAS2       ADD   R7 R0 #0
(31AD) 241D  0010010000011101 ( 381)                 LD    R2 Savelist
(31AE) 281D  0010100000011101 ( 382)                 LD    R4 SaveROW
(31AF) 193F  0001100100111111 ( 384) NEXTBIAS1       ADD   R4 R4 #-1
(31B0) 0809  0000100000001001 ( 385)                 BRN   JUDGEFOUR4
(31B1) 14A1  0001010010100001 ( 386)                 ADD   R2 R2 #1
(31B2) 1ABA  0001101010111010 ( 387)                 ADD   R5 R2 #-6
(31B3) 0606  0000011000000110 ( 388)                 BRZP  JUDGEFOUR4
(31B4) 1FFB  0001111111111011 ( 389)                 ADD   R7 R7 #-5
(31B5) 6BC0  0110101111000000 ( 390)                 LDR   R5 R7 #0
(31B6) 1B46  0001101101000110 ( 391)                 ADD   R5 R5 R6
(31B7) 0A02  0000101000000010 ( 392)                 BRNP  JUDGEFOUR4
(31B8) 1261  0001001001100001 ( 393)                 ADD   R1 R1 #1
(31B9) 0FF5  0000111111110101 ( 394)                 BRNZP NEXTBIAS1
(31BA) 1A7D  0001101001111101 ( 396) JUDGEFOUR4      ADD   R5 R1 #-3
(31BB) 0802  0000100000000010 ( 397)                 BRN   SOMEONEWIN
(31BC) 16E1  0001011011100001 ( 398)                 ADD   R3 R3 #1
(31BD) 0E00  0000111000000000 ( 399)                 BRNZP SOMEONEWIN
(31BE) 2206  0010001000000110 ( 402) SOMEONEWIN      LD    R1 SaveR11
(31BF) 2406  0010010000000110 ( 403)                 LD    R2 SaveR22
(31C0) 2806  0010100000000110 ( 404)                 LD    R4 SaveR44
(31C1) 2A06  0010101000000110 ( 405)                 LD    R5 SaveR55
(31C2) 2C06  0010110000000110 ( 406)                 LD    R6 SaveR66
(31C3) 2E06  0010111000000110 ( 407)                 LD    R7 SaveR77
(31C4) C1C0  1100000111000000 ( 408)                 RET   
(31C5) 0000  0000000000000000 ( 410) SaveR11         .FILL x0000
(31C6) 0000  0000000000000000 ( 411) SaveR22         .FILL x0000
(31C7) 0000  0000000000000000 ( 412) SaveR44         .FILL x0000
(31C8) 0000  0000000000000000 ( 413) SaveR55         .FILL x0000
(31C9) 0000  0000000000000000 ( 414) SaveR66         .FILL x0000
(31CA) 0000  0000000000000000 ( 415) SaveR77         .FILL x0000
(31CB) 0000  0000000000000000 ( 417) Savelist        .FILL x0000
(31CC) 0000  0000000000000000 ( 418) SaveROW         .FILL x0000
(31CD) C001  1100000000000001 ( 419) LOAC            .FILL xC001
